# Logfile created on 2014-10-06 14:55:23 -0400 by logger.rb/44203
searching user jaffleck
searching user ahipshea
ahipshea caused an error
found dm user
found dm user
looking up dm info! for ["cackerm1", "jaffleck", "ahipshea"]
searching user cackerm1
searching user jaffleck
searching user ahipshea
ahipshea caused an error
found dm user
found dm user
looking up dm info! for ["cackerm1", "jaffleck", "ahipshea"]
searching user cackerm1
searching user jaffleck
searching user ahipshea
ahipshea caused an error
found dm user
found dm user
looking up dm info! for ["cackerm1", "jaffleck", "ahipshea"]
searching user cackerm1
searching user jaffleck
searching user ahipshea
ahipshea caused an error
found dm user
found dm user
looking up dm info! for ["cackerm1", "jaffleck"]
searching user cackerm1
searching user jaffleck
found dm user
found dm user
